<?xml version="1.0" encoding="UTF-8"?>
<testng-results ignored="0" total="1" passed="1" failed="0" skipped="0">
  <reporter-output>
  </reporter-output>
  <suite started-at="2022-12-19T13:53:20 IST" name="Default suite" finished-at="2022-12-19T13:54:08 IST" duration-ms="47629">
    <groups>
    </groups>
    <test started-at="2022-12-19T13:53:20 IST" name="Default test" finished-at="2022-12-19T13:54:08 IST" duration-ms="47629">
      <class name="testcases.signuptestcases">
        <test-method is-config="true" signature="lounch()[pri:0, instance:testcases.signuptestcases@bd4dc25]" started-at="2022-12-19T13:53:20 IST" name="lounch" finished-at="2022-12-19T13:53:54 IST" duration-ms="33646" status="PASS">
          <reporter-output>
          </reporter-output>
        </test-method> <!-- lounch -->
        <test-method signature="verifysignup()[pri:0, instance:testcases.signuptestcases@bd4dc25]" started-at="2022-12-19T13:53:54 IST" name="verifysignup" finished-at="2022-12-19T13:54:08 IST" duration-ms="13907" status="PASS">
          <reporter-output>
          </reporter-output>
        </test-method> <!-- verifysignup -->
      </class> <!-- testcases.signuptestcases -->
    </test> <!-- Default test -->
  </suite> <!-- Default suite -->
</testng-results>
